<?xml version="1.0" encoding="UTF-8"?>
<testsuite name="reflection.ClassInfoTest" tests="4" skipped="0" failures="0" errors="0" timestamp="2019-11-08T07:15:02" hostname="DESKTOP-NLVV63L" time="0.011">
  <properties/>
  <testcase name="printConstructorsTest" classname="reflection.ClassInfoTest" time="0.004"/>
  <testcase name="printInfoTest" classname="reflection.ClassInfoTest" time="0.001"/>
  <testcase name="printFieldsTest" classname="reflection.ClassInfoTest" time="0.0"/>
  <testcase name="printMethodsTest" classname="reflection.ClassInfoTest" time="0.004"/>
  <system-out><![CDATA[]]></system-out>
  <system-err><![CDATA[]]></system-err>
</testsuite>
