<?xml version="1.0" encoding="UTF-8"?>
<testsuite name="lab2.DOMParserTest" tests="3" skipped="0" failures="0" errors="0" timestamp="2019-11-07T20:32:11" hostname="DESKTOP-NLVV63L" time="0.032">
  <properties/>
  <testcase name="testParse" classname="lab2.DOMParserTest" time="0.023"/>
  <testcase name="testGetAllTariffsEmptyTree" classname="lab2.DOMParserTest" time="0.001"/>
  <testcase name="testGetAllTariffsNotEmptyTree" classname="lab2.DOMParserTest" time="0.007"/>
  <system-out><![CDATA[parse
getAllTariffs
getAllTariffs
]]></system-out>
  <system-err><![CDATA[]]></system-err>
</testsuite>
