<?xml version="1.0" encoding="UTF-8"?>
<testsuite name="lab2.TariffSAXParserTest" tests="3" skipped="0" failures="0" errors="0" timestamp="2019-11-07T20:32:12" hostname="DESKTOP-NLVV63L" time="0.019">
  <properties/>
  <testcase name="testParse" classname="lab2.TariffSAXParserTest" time="0.012"/>
  <testcase name="testGetAllTariffsEmptyTree" classname="lab2.TariffSAXParserTest" time="0.002"/>
  <testcase name="testGetAllTariffsNotEmptyTree" classname="lab2.TariffSAXParserTest" time="0.005"/>
  <system-out><![CDATA[parse
getAllTariffs
getAllTariffs
]]></system-out>
  <system-err><![CDATA[]]></system-err>
</testsuite>
