<?xml version="1.0" encoding="UTF-8"?>
<testsuite name="lab2.MyParseHelperTest" tests="4" skipped="0" failures="0" errors="0" timestamp="2019-11-07T20:32:11" hostname="DESKTOP-NLVV63L" time="0.002">
  <properties/>
  <testcase name="testGetRootElementName" classname="lab2.MyParseHelperTest" time="0.0"/>
  <testcase name="testInitializeFieldWithTag" classname="lab2.MyParseHelperTest" time="0.001"/>
  <testcase name="testInitializeFieldWithAttribute" classname="lab2.MyParseHelperTest" time="0.0"/>
  <testcase name="testGetClassItem" classname="lab2.MyParseHelperTest" time="0.0"/>
  <system-out><![CDATA[getRootElementName
initializeFieldWithTag
initializeFieldWithAttribute
initializeFieldWithTag
getClassItem
]]></system-out>
  <system-err><![CDATA[]]></system-err>
</testsuite>
