<?xml version="1.0" encoding="UTF-8"?>
<testsuite name="lab2.EventBasedParserTest" tests="3" skipped="0" failures="0" errors="0" timestamp="2019-11-07T20:32:11" hostname="DESKTOP-NLVV63L" time="0.007">
  <properties/>
  <testcase name="testElemEnd" classname="lab2.EventBasedParserTest" time="0.003"/>
  <testcase name="testcharElement" classname="lab2.EventBasedParserTest" time="0.002"/>
  <testcase name="testElemStart" classname="lab2.EventBasedParserTest" time="0.002"/>
  <system-out><![CDATA[elemEnd
charElem
docStart
]]></system-out>
  <system-err><![CDATA[]]></system-err>
</testsuite>
